I, [2020-09-26T10:40:07] -- create_database: CREATE TABLE "user" ('id' INTEGER NOT NULL PRIMARY KEY AUTOINCREMENT, 'name' VARCHAR UNIQUE NOT NULL CHECK (length('name') <= 255), 'email' VARCHAR UNIQUE NOT NULL CHECK (length('email') <= 255))[]
I, [2020-09-26T10:40:07] -- create_database: CREATE TABLE "session" ('id' INTEGER NOT NULL PRIMARY KEY AUTOINCREMENT, 'session_date' DATETIME NOT NULL, 'user_id' INTEGER, FOREIGN KEY('user_id') REFERENCES user(id) ON DELETE SET NULL)[]
I, [2020-09-26T10:40:07] -- create_database: CREATE TABLE "session" ('id' INTEGER NOT NULL PRIMARY KEY AUTOINCREMENT, 'session_date' DATETIME NOT NULL, 'user_id' INTEGER, FOREIGN KEY('user_id') REFERENCES user(id) ON DELETE SET NULL)[]
I, [2020-09-26T10:43:57] -- create_database: CREATE TABLE "user" ('id' INTEGER NOT NULL PRIMARY KEY AUTOINCREMENT, 'name' VARCHAR UNIQUE NOT NULL CHECK (length('name') <= 255), 'email' VARCHAR UNIQUE NOT NULL CHECK (length('email') <= 255))[]
I, [2020-09-26T10:43:57] -- create_database: CREATE TABLE "session" ('id' INTEGER NOT NULL PRIMARY KEY AUTOINCREMENT, 'session_date' DATETIME NOT NULL, 'user_id' INTEGER, FOREIGN KEY('user_id') REFERENCES user(id) ON DELETE SET NULL)[]
I, [2020-09-26T10:43:57] -- create_database: CREATE TABLE "session" ('id' INTEGER NOT NULL PRIMARY KEY AUTOINCREMENT, 'session_date' DATETIME NOT NULL, 'user_id' INTEGER, FOREIGN KEY('user_id') REFERENCES user(id) ON DELETE SET NULL)[]
I, [2020-09-26T10:45:45] -- create_database: CREATE TABLE "user" ('id' INTEGER NOT NULL PRIMARY KEY AUTOINCREMENT, 'name' VARCHAR UNIQUE NOT NULL CHECK (length('name') <= 255), 'email' VARCHAR UNIQUE NOT NULL CHECK (length('email') <= 255))[]
I, [2020-09-26T10:45:45] -- create_database: CREATE TABLE "session" ('id' INTEGER NOT NULL PRIMARY KEY AUTOINCREMENT, 'session_date' DATETIME NOT NULL, 'user_id' INTEGER, FOREIGN KEY('user_id') REFERENCES user(id) ON DELETE SET NULL)[]
I, [2020-09-26T10:45:45] -- create_database: CREATE TABLE "session" ('id' INTEGER NOT NULL PRIMARY KEY AUTOINCREMENT, 'session_date' DATETIME NOT NULL, 'user_id' INTEGER, FOREIGN KEY('user_id') REFERENCES user(id) ON DELETE SET NULL)[]
I, [2020-09-26T10:47:07] -- create_database: CREATE TABLE "user" ('id' INTEGER NOT NULL PRIMARY KEY AUTOINCREMENT, 'name' VARCHAR UNIQUE NOT NULL CHECK (length('name') <= 255), 'email' VARCHAR UNIQUE NOT NULL CHECK (length('email') <= 255))[]
I, [2020-09-26T10:47:07] -- create_database: CREATE TABLE "session" ('id' INTEGER NOT NULL PRIMARY KEY AUTOINCREMENT, 'session_date' DATETIME NOT NULL, 'user_id' INTEGER, FOREIGN KEY('user_id') REFERENCES user(id) ON DELETE SET NULL)[]
I, [2020-09-26T10:53:36] -- create_database: CREATE TABLE "user" ('id' INTEGER NOT NULL PRIMARY KEY AUTOINCREMENT, 'name' VARCHAR UNIQUE NOT NULL CHECK (length('name') <= 255), 'email' VARCHAR UNIQUE NOT NULL CHECK (length('email') <= 255))[]
I, [2020-09-26T10:53:36] -- create_database: CREATE TABLE "session" ('id' INTEGER NOT NULL PRIMARY KEY AUTOINCREMENT, 'session_date' DATETIME NOT NULL, 'user_id' INTEGER, FOREIGN KEY('user_id') REFERENCES user(id) ON DELETE SET NULL)[]
I, [2020-09-26T10:53:36] -- create_database: CREATE TABLE "workout_set" ('id' INTEGER NOT NULL PRIMARY KEY AUTOINCREMENT, 'user_id' INTEGER, 'reps' INTEGER NOT NULL, FOREIGN KEY('user_id') REFERENCES user(id) ON DELETE SET NULL)[]
I, [2020-09-26T15:34:37] -- seed: INSERT INTO user (name, email) VALUES (?, ?)["Mike", "mikejamesbelanger@gmail.com"]
I, [2020-09-26T15:34:37] -- seed: INSERT INTO user (name, email, id) VALUES (?, ?, ?)["Mike", "mikejamesbelanger@gmail.com", "Mike", "mikejamesbelanger@gmail.com", "1"]
I, [2020-09-26T15:34:37] -- seed: INSERT INTO user (name, email, id) VALUES (?, ?, ?)["Mike", "mikejamesbelanger@gmail.com", "Mike", "mikejamesbelanger@gmail.com", "1", "Mike", "mikejamesbelanger@gmail.com", "-1"]
I, [2020-09-26T15:39:06] -- server: SELECT * FROM user[]
I, [2020-09-26T15:42:51] -- server: SELECT * FROM user[]
I, [2020-09-26T15:49:07] -- server: SELECT * FROM user[]
I, [2020-09-26T15:49:08] -- server: SELECT * FROM user[]
I, [2020-09-26T15:57:47] -- server: SELECT * FROM user[]
I, [2020-09-26T15:58:02] -- server: SELECT * FROM user[]
I, [2020-09-26T15:59:08] -- server: SELECT * FROM user[]
I, [2020-09-26T15:59:09] -- server: SELECT * FROM user[]
I, [2020-09-26T16:00:35] -- server: SELECT * FROM user[]
I, [2020-09-26T16:01:48] -- server: SELECT * FROM user[]
I, [2020-09-26T16:03:44] -- server: SELECT * FROM user[]
I, [2020-09-26T16:04:23] -- server: SELECT * FROM user[]
I, [2020-09-26T16:05:14] -- server: SELECT * FROM user[]
I, [2020-09-26T16:08:26] -- server: SELECT * FROM user[]
I, [2020-09-26T16:08:28] -- server: SELECT * FROM user[]
I, [2020-09-26T17:33:40] -- server: SELECT * FROM user[]
I, [2020-09-26T17:34:33] -- server: SELECT * FROM user[]
I, [2020-09-26T17:39:21] -- server: SELECT * FROM user[]
I, [2020-09-26T17:39:45] -- server: SELECT * FROM user[]
I, [2020-09-26T17:41:16] -- server: SELECT * FROM user[]
I, [2020-09-26T17:41:32] -- server: SELECT * FROM user[]
I, [2020-09-26T17:42:21] -- server: SELECT * FROM user[]
I, [2020-09-26T20:43:53] -- server: SELECT * FROM user[]
I, [2020-09-26T20:46:48] -- server: SELECT * FROM user[]
I, [2020-09-26T20:54:21] -- server: SELECT * FROM user[]
I, [2020-09-26T20:54:44] -- server: SELECT * FROM user[]
I, [2020-09-26T21:01:06] -- server: SELECT * FROM user[]
I, [2020-09-26T21:01:37] -- server: SELECT * FROM user[]
I, [2020-09-26T21:03:16] -- server: SELECT * FROM user[]
I, [2020-09-26T21:38:16] -- server: SELECT * FROM user[]
I, [2020-09-26T21:41:36] -- server: SELECT * FROM user[]
I, [2020-09-26T21:47:36] -- server: SELECT * FROM user[]
I, [2020-09-26T21:49:34] -- server: SELECT * FROM user[]
I, [2020-09-26T21:49:56] -- server: SELECT * FROM user[]
I, [2020-09-27T10:06:13] -- server: SELECT * FROM user[]
I, [2020-09-27T10:07:52] -- server: SELECT * FROM user[]
I, [2020-09-27T12:38:36] -- server: SELECT * FROM user[]
I, [2020-09-27T12:38:52] -- server: SELECT * FROM user[]
I, [2020-09-27T12:41:32] -- server: SELECT * FROM user[]
I, [2020-09-27T12:42:22] -- server: SELECT * FROM user[]
I, [2020-09-27T12:42:37] -- server: SELECT * FROM user[]
I, [2020-09-27T12:45:31] -- server: SELECT * FROM user[]
I, [2020-09-27T12:47:24] -- server: SELECT * FROM user[]
I, [2020-09-27T12:56:58] -- server: SELECT * FROM user[]
I, [2020-09-27T12:58:57] -- create_database: CREATE TABLE "user" ('id' INTEGER NOT NULL PRIMARY KEY AUTOINCREMENT, 'name' VARCHAR UNIQUE NOT NULL CHECK (length('name') <= 255), 'email' VARCHAR UNIQUE NOT NULL CHECK (length('email') <= 255), 'active' TINYINT NOT NULL)[]
I, [2020-09-27T12:58:57] -- create_database: CREATE TABLE "session" ('id' INTEGER NOT NULL PRIMARY KEY AUTOINCREMENT, 'session_date' DATETIME NOT NULL, 'id' INTEGER, FOREIGN KEY('id') REFERENCES user(id) ON DELETE SET NULL)[]
I, [2020-09-27T12:58:57] -- create_database: CREATE TABLE "workout_set" ('id' INTEGER NOT NULL PRIMARY KEY AUTOINCREMENT, 'id' INTEGER, 'reps' INTEGER NOT NULL, FOREIGN KEY('id') REFERENCES user(id) ON DELETE SET NULL)[]
I, [2020-09-27T12:59:06] -- seed: INSERT INTO user (name, email) VALUES (?, ?)["Mike", "mikejamesbelanger@gmail.com"]
I, [2020-09-27T12:59:06] -- seed: INSERT INTO user (name, email, id) VALUES (?, ?, ?)["Mike", "mikejamesbelanger@gmail.com", "Mike", "mikejamesbelanger@gmail.com", "-1"]
I, [2020-09-27T12:59:06] -- seed: INSERT INTO user (name, email, id) VALUES (?, ?, ?)["Mike", "mikejamesbelanger@gmail.com", "Mike", "mikejamesbelanger@gmail.com", "-1", "Mike", "mikejamesbelanger@gmail.com", "-1"]
I, [2020-09-27T12:59:21] -- server: SELECT * FROM user[]
I, [2020-09-27T12:59:54] -- seed: INSERT INTO user (name, email, active) VALUES (?, ?, ?)["Mike", "mikejamesbelanger@gmail.com", "true"]
I, [2020-09-27T12:59:54] -- seed: INSERT INTO user (name, email, active, id) VALUES (?, ?, ?, ?)["Mike", "mikejamesbelanger@gmail.com", "true", "Mike", "mikejamesbelanger@gmail.com", "true", "1"]
I, [2020-09-27T12:59:54] -- seed: INSERT INTO user (name, email, active, id) VALUES (?, ?, ?, ?)["Mike", "mikejamesbelanger@gmail.com", "true", "Mike", "mikejamesbelanger@gmail.com", "true", "1", "Mike", "mikejamesbelanger@gmail.com", "true", "-1"]
I, [2020-09-27T12:59:54] -- seed: INSERT INTO user (name, email, active, id) VALUES (?, ?, ?, ?)["Mike", "mikejamesbelanger@gmail.com", "true", "Mike", "mikejamesbelanger@gmail.com", "true", "1", "Mike", "mikejamesbelanger@gmail.com", "true", "-1", "Mike", "mikejamesbelanger@gmail.com", "true", "-1"]
I, [2020-09-27T13:00:29] -- create_database: CREATE TABLE "user" ('id' INTEGER NOT NULL PRIMARY KEY AUTOINCREMENT, 'name' VARCHAR UNIQUE NOT NULL CHECK (length('name') <= 255), 'email' VARCHAR UNIQUE NOT NULL CHECK (length('email') <= 255), 'active' TINYINT NOT NULL)[]
I, [2020-09-27T13:00:29] -- create_database: CREATE TABLE "session" ('id' INTEGER NOT NULL PRIMARY KEY AUTOINCREMENT, 'session_date' DATETIME NOT NULL, 'id' INTEGER, FOREIGN KEY('id') REFERENCES user(id) ON DELETE SET NULL)[]
I, [2020-09-27T13:00:29] -- create_database: CREATE TABLE "workout_set" ('id' INTEGER NOT NULL PRIMARY KEY AUTOINCREMENT, 'id' INTEGER, 'reps' INTEGER NOT NULL, FOREIGN KEY('id') REFERENCES user(id) ON DELETE SET NULL)[]
I, [2020-09-27T13:00:33] -- seed: INSERT INTO user (name, email, active) VALUES (?, ?, ?)["Mike", "mikejamesbelanger@gmail.com", "true"]
I, [2020-09-27T13:00:33] -- seed: INSERT INTO user (name, email, active, id) VALUES (?, ?, ?, ?)["Mike", "mikejamesbelanger@gmail.com", "true", "Mike", "mikejamesbelanger@gmail.com", "true", "1"]
I, [2020-09-27T13:00:33] -- seed: INSERT INTO user (name, email, active, id) VALUES (?, ?, ?, ?)["Mike", "mikejamesbelanger@gmail.com", "true", "Mike", "mikejamesbelanger@gmail.com", "true", "1", "Mike", "mikejamesbelanger@gmail.com", "true", "-1"]
I, [2020-09-27T13:00:33] -- seed: INSERT INTO user (name, email, active, id) VALUES (?, ?, ?, ?)["Mike", "mikejamesbelanger@gmail.com", "true", "Mike", "mikejamesbelanger@gmail.com", "true", "1", "Mike", "mikejamesbelanger@gmail.com", "true", "-1", "Mike", "mikejamesbelanger@gmail.com", "true", "-1"]
I, [2020-09-27T13:01:12] -- server: SELECT * FROM user[]
I, [2020-09-27T13:02:25] -- server: SELECT * FROM user[]
I, [2020-09-27T13:19:40] -- server: SELECT * FROM user[]
I, [2020-09-27T13:19:41] -- server: SELECT * FROM user[]
I, [2020-09-27T13:20:02] -- server: SELECT * FROM user[]
I, [2020-09-27T13:22:09] -- server: SELECT * FROM user[]
I, [2020-09-27T13:22:24] -- server: SELECT * FROM user[]
I, [2020-09-27T13:25:12] -- server: SELECT * FROM user[]
I, [2020-09-27T13:26:29] -- server: SELECT * FROM user[]
I, [2020-09-27T13:28:57] -- server: SELECT * FROM user[]
I, [2020-09-27T13:29:06] -- server: INSERT INTO user (name, email, active) VALUES (?, ?, ?)["Another User", "someUuser@gmail.com", "false"]
I, [2020-09-27T13:29:06] -- server: INSERT INTO user (name, email, active, id) VALUES (?, ?, ?, ?)["Another User", "someUuser@gmail.com", "false", "Another User", "someUuser@gmail.com", "false", "2"]
I, [2020-09-27T13:29:06] -- server: INSERT INTO user (name, email, active, id) VALUES (?, ?, ?, ?)["Another User", "someUuser@gmail.com", "false", "Another User", "someUuser@gmail.com", "false", "2", "Another User", "someUuser@gmail.com", "false", "-1"]
I, [2020-09-27T13:29:06] -- server: INSERT INTO user (name, email, active, id) VALUES (?, ?, ?, ?)["Another User", "someUuser@gmail.com", "false", "Another User", "someUuser@gmail.com", "false", "2", "Another User", "someUuser@gmail.com", "false", "-1", "Another User", "someUuser@gmail.com", "false", "-1"]
I, [2020-09-27T13:29:09] -- server: SELECT * FROM user[]
I, [2020-09-27T13:29:11] -- server: INSERT INTO user (name, email, active) VALUES (?, ?, ?)["Another User", "someUuser@gmail.com", "true"]
I, [2020-09-27T13:29:11] -- server: INSERT INTO user (name, email, active, id) VALUES (?, ?, ?, ?)["Another User", "someUuser@gmail.com", "true", "Another User", "someUuser@gmail.com", "true", "-1"]
I, [2020-09-27T13:29:11] -- server: INSERT INTO user (name, email, active, id) VALUES (?, ?, ?, ?)["Another User", "someUuser@gmail.com", "true", "Another User", "someUuser@gmail.com", "true", "-1", "Another User", "someUuser@gmail.com", "true", "-1"]
I, [2020-09-27T13:29:11] -- server: INSERT INTO user (name, email, active, id) VALUES (?, ?, ?, ?)["Another User", "someUuser@gmail.com", "true", "Another User", "someUuser@gmail.com", "true", "-1", "Another User", "someUuser@gmail.com", "true", "-1", "Another User", "someUuser@gmail.com", "true", "-1"]
I, [2020-09-27T13:29:12] -- server: SELECT * FROM user[]
I, [2020-09-27T13:29:17] -- server: INSERT INTO user (name, email, active) VALUES (?, ?, ?)["Another User", "someUuser@gmail.com", "true"]
I, [2020-09-27T13:29:17] -- server: INSERT INTO user (name, email, active, id) VALUES (?, ?, ?, ?)["Another User", "someUuser@gmail.com", "true", "Another User", "someUuser@gmail.com", "true", "-1"]
I, [2020-09-27T13:29:17] -- server: INSERT INTO user (name, email, active, id) VALUES (?, ?, ?, ?)["Another User", "someUuser@gmail.com", "true", "Another User", "someUuser@gmail.com", "true", "-1", "Another User", "someUuser@gmail.com", "true", "-1"]
I, [2020-09-27T13:29:17] -- server: INSERT INTO user (name, email, active, id) VALUES (?, ?, ?, ?)["Another User", "someUuser@gmail.com", "true", "Another User", "someUuser@gmail.com", "true", "-1", "Another User", "someUuser@gmail.com", "true", "-1", "Another User", "someUuser@gmail.com", "true", "-1"]
I, [2020-09-27T13:29:18] -- server: SELECT * FROM user[]
I, [2020-09-27T13:29:27] -- server: INSERT INTO user (name, email, active) VALUES (?, ?, ?)["Another User", "someUuser@gmail.comwefwe", "false"]
I, [2020-09-27T13:29:27] -- server: INSERT INTO user (name, email, active, id) VALUES (?, ?, ?, ?)["Another User", "someUuser@gmail.comwefwe", "false", "Another User", "someUuser@gmail.comwefwe", "false", "-1"]
I, [2020-09-27T13:29:27] -- server: INSERT INTO user (name, email, active, id) VALUES (?, ?, ?, ?)["Another User", "someUuser@gmail.comwefwe", "false", "Another User", "someUuser@gmail.comwefwe", "false", "-1", "Another User", "someUuser@gmail.comwefwe", "false", "-1"]
I, [2020-09-27T13:29:27] -- server: INSERT INTO user (name, email, active, id) VALUES (?, ?, ?, ?)["Another User", "someUuser@gmail.comwefwe", "false", "Another User", "someUuser@gmail.comwefwe", "false", "-1", "Another User", "someUuser@gmail.comwefwe", "false", "-1", "Another User", "someUuser@gmail.comwefwe", "false", "-1"]
I, [2020-09-27T13:30:26] -- server: SELECT * FROM user[]
I, [2020-09-27T13:30:27] -- server: INSERT INTO user (name, email, active) VALUES (?, ?, ?)["Another User", "someUuser@gmail.com", "true"]
I, [2020-09-27T13:30:27] -- server: INSERT INTO user (name, email, active, id) VALUES (?, ?, ?, ?)["Another User", "someUuser@gmail.com", "true", "Another User", "someUuser@gmail.com", "true", "-1"]
I, [2020-09-27T13:30:27] -- server: INSERT INTO user (name, email, active, id) VALUES (?, ?, ?, ?)["Another User", "someUuser@gmail.com", "true", "Another User", "someUuser@gmail.com", "true", "-1", "Another User", "someUuser@gmail.com", "true", "-1"]
I, [2020-09-27T13:30:27] -- server: INSERT INTO user (name, email, active, id) VALUES (?, ?, ?, ?)["Another User", "someUuser@gmail.com", "true", "Another User", "someUuser@gmail.com", "true", "-1", "Another User", "someUuser@gmail.com", "true", "-1", "Another User", "someUuser@gmail.com", "true", "-1"]
I, [2020-09-27T13:30:29] -- server: SELECT * FROM user[]
I, [2020-09-27T13:30:38] -- server: INSERT INTO user (name, email, active) VALUES (?, ?, ?)["Yet another user", "ergerg@gmail.com", "false"]
I, [2020-09-27T13:30:38] -- server: INSERT INTO user (name, email, active, id) VALUES (?, ?, ?, ?)["Yet another user", "ergerg@gmail.com", "false", "Yet another user", "ergerg@gmail.com", "false", "3"]
I, [2020-09-27T13:30:38] -- server: INSERT INTO user (name, email, active, id) VALUES (?, ?, ?, ?)["Yet another user", "ergerg@gmail.com", "false", "Yet another user", "ergerg@gmail.com", "false", "3", "Yet another user", "ergerg@gmail.com", "false", "-1"]
I, [2020-09-27T13:30:38] -- server: INSERT INTO user (name, email, active, id) VALUES (?, ?, ?, ?)["Yet another user", "ergerg@gmail.com", "false", "Yet another user", "ergerg@gmail.com", "false", "3", "Yet another user", "ergerg@gmail.com", "false", "-1", "Yet another user", "ergerg@gmail.com", "false", "-1"]
I, [2020-09-27T13:30:40] -- server: INSERT INTO user (name, email, active) VALUES (?, ?, ?)["Yet another user", "ergerg@gmail.com", "true"]
I, [2020-09-27T13:30:40] -- server: INSERT INTO user (name, email, active, id) VALUES (?, ?, ?, ?)["Yet another user", "ergerg@gmail.com", "true", "Yet another user", "ergerg@gmail.com", "true", "-1"]
I, [2020-09-27T13:30:40] -- server: INSERT INTO user (name, email, active, id) VALUES (?, ?, ?, ?)["Yet another user", "ergerg@gmail.com", "true", "Yet another user", "ergerg@gmail.com", "true", "-1", "Yet another user", "ergerg@gmail.com", "true", "-1"]
I, [2020-09-27T13:30:40] -- server: INSERT INTO user (name, email, active, id) VALUES (?, ?, ?, ?)["Yet another user", "ergerg@gmail.com", "true", "Yet another user", "ergerg@gmail.com", "true", "-1", "Yet another user", "ergerg@gmail.com", "true", "-1", "Yet another user", "ergerg@gmail.com", "true", "-1"]
I, [2020-09-27T13:30:42] -- server: SELECT * FROM user[]
